
> inventory-tracker@0.1.0 dev
> next dev -p 3000

   ▲ Next.js 15.5.14
   - Local:        http://localhost:3000
   - Network:      http://192.168.2.249:3000
   - Environments: .env.local, .env

 ✓ Starting...
 ✓ Ready in 2s
 ○ Compiling /login ...
 ✓ Compiled /login in 1708ms (1133 modules)
[PRISMA] Instantiating Prisma Client with official Connector pattern...
[PRISMA] Parsed Config -> User: "postgres", DB: "project-tracker", Instance: "testapp-4f81d:europe-north1:project-tracker"
[PRISMA] Credential Check -> Password Length: 15
[PRISMA] Client initialized.
 HEAD /login 200 in 2295ms
 ○ Compiling /projects ...
 ✓ Compiled /projects in 6.3s (1157 modules)
[PRISMA] Client initialized.
[PRISMA] Creating Pool for user "postgres" on database "project-tracker"...
prisma:error 
Invalid `prisma.project.findMany()` invocation:


Cannot find module './vendor-chunks/web-streams-polyfill.js'
Require stack:
- /Users/hbakesson/Coding/Firebase/.next/server/webpack-runtime.js
- /Users/hbakesson/Coding/Firebase/.next/server/app/login/page.js
- /Users/hbakesson/Coding/Firebase/node_modules/next/dist/server/require.js
- /Users/hbakesson/Coding/Firebase/node_modules/next/dist/server/load-components.js
- /Users/hbakesson/Coding/Firebase/node_modules/next/dist/build/utils.js
- /Users/hbakesson/Coding/Firebase/node_modules/next/dist/build/swc/options.js
- /Users/hbakesson/Coding/Firebase/node_modules/next/dist/build/swc/index.js
- /Users/hbakesson/Coding/Firebase/node_modules/next/dist/build/analysis/parse-module.js
- /Users/hbakesson/Coding/Firebase/node_modules/next/dist/build/analysis/get-page-static-info.js
- /Users/hbakesson/Coding/Firebase/node_modules/next/dist/server/lib/router-utils/setup-dev-bundler.js
- /Users/hbakesson/Coding/Firebase/node_modules/next/dist/server/lib/router-server.js
- /Users/hbakesson/Coding/Firebase/node_modules/next/dist/server/lib/start-server.js
[Error: Cannot find module './vendor-chunks/web-streams-polyfill.js'
Require stack:
- /Users/hbakesson/Coding/Firebase/.next/server/webpack-runtime.js
- /Users/hbakesson/Coding/Firebase/.next/server/app/login/page.js
- /Users/hbakesson/Coding/Firebase/node_modules/next/dist/server/require.js
- /Users/hbakesson/Coding/Firebase/node_modules/next/dist/server/load-components.js
- /Users/hbakesson/Coding/Firebase/node_modules/next/dist/build/utils.js
- /Users/hbakesson/Coding/Firebase/node_modules/next/dist/build/swc/options.js
- /Users/hbakesson/Coding/Firebase/node_modules/next/dist/build/swc/index.js
- /Users/hbakesson/Coding/Firebase/node_modules/next/dist/build/analysis/parse-module.js
- /Users/hbakesson/Coding/Firebase/node_modules/next/dist/build/analysis/get-page-static-info.js
- /Users/hbakesson/Coding/Firebase/node_modules/next/dist/server/lib/router-utils/setup-dev-bundler.js
- /Users/hbakesson/Coding/Firebase/node_modules/next/dist/server/lib/router-server.js
- /Users/hbakesson/Coding/Firebase/node_modules/next/dist/server/lib/start-server.js] {
  config: [Object],
  response: undefined,
  code: 'MODULE_NOT_FOUND',
  status: undefined,
  error: [Error: Cannot find module './vendor-chunks/web-streams-polyfill.js'
  Require stack:
  - /Users/hbakesson/Coding/Firebase/.next/server/webpack-runtime.js
  - /Users/hbakesson/Coding/Firebase/.next/server/app/login/page.js
  - /Users/hbakesson/Coding/Firebase/node_modules/next/dist/server/require.js
  - /Users/hbakesson/Coding/Firebase/node_modules/next/dist/server/load-components.js
  - /Users/hbakesson/Coding/Firebase/node_modules/next/dist/build/utils.js
  - /Users/hbakesson/Coding/Firebase/node_modules/next/dist/build/swc/options.js
  - /Users/hbakesson/Coding/Firebase/node_modules/next/dist/build/swc/index.js
  - /Users/hbakesson/Coding/Firebase/node_modules/next/dist/build/analysis/parse-module.js
  - /Users/hbakesson/Coding/Firebase/node_modules/next/dist/build/analysis/get-page-static-info.js
  - /Users/hbakesson/Coding/Firebase/node_modules/next/dist/server/lib/router-utils/setup-dev-bundler.js
  - /Users/hbakesson/Coding/Firebase/node_modules/next/dist/server/lib/router-server.js
  - /Users/hbakesson/Coding/Firebase/node_modules/next/dist/server/lib/start-server.js] {
    code: 'MODULE_NOT_FOUND',
    requireStack: [
      '/Users/hbakesson/Coding/Firebase/.next/server/webpack-runtime.js',
      '/Users/hbakesson/Coding/Firebase/.next/server/app/login/page.js',
      '/Users/hbakesson/Coding/Firebase/node_modules/next/dist/server/require.js',
      '/Users/hbakesson/Coding/Firebase/node_modules/next/dist/server/load-components.js',
      '/Users/hbakesson/Coding/Firebase/node_modules/next/dist/build/utils.js',
      '/Users/hbakesson/Coding/Firebase/node_modules/next/dist/build/swc/options.js',
      '/Users/hbakesson/Coding/Firebase/node_modules/next/dist/build/swc/index.js',
      '/Users/hbakesson/Coding/Firebase/node_modules/next/dist/build/analysis/parse-module.js',
      '/Users/hbakesson/Coding/Firebase/node_modules/next/dist/build/analysis/get-page-static-info.js',
      '/Users/hbakesson/Coding/Firebase/node_modules/next/dist/server/lib/router-utils/setup-dev-bundler.js',
      '/Users/hbakesson/Coding/Firebase/node_modules/next/dist/server/lib/router-server.js',
      '/Users/hbakesson/Coding/Firebase/node_modules/next/dist/server/lib/start-server.js'
    ]
  },
  [cause]: [Error: Cannot find module './vendor-chunks/web-streams-polyfill.js'
  Require stack:
  - /Users/hbakesson/Coding/Firebase/.next/server/webpack-runtime.js
  - /Users/hbakesson/Coding/Firebase/.next/server/app/login/page.js
  - /Users/hbakesson/Coding/Firebase/node_modules/next/dist/server/require.js
  - /Users/hbakesson/Coding/Firebase/node_modules/next/dist/server/load-components.js
  - /Users/hbakesson/Coding/Firebase/node_modules/next/dist/build/utils.js
  - /Users/hbakesson/Coding/Firebase/node_modules/next/dist/build/swc/options.js
  - /Users/hbakesson/Coding/Firebase/node_modules/next/dist/build/swc/index.js
  - /Users/hbakesson/Coding/Firebase/node_modules/next/dist/build/analysis/parse-module.js
  - /Users/hbakesson/Coding/Firebase/node_modules/next/dist/build/analysis/get-page-static-info.js
  - /Users/hbakesson/Coding/Firebase/node_modules/next/dist/server/lib/router-utils/setup-dev-bundler.js
  - /Users/hbakesson/Coding/Firebase/node_modules/next/dist/server/lib/router-server.js
  - /Users/hbakesson/Coding/Firebase/node_modules/next/dist/server/lib/start-server.js] {
    code: 'MODULE_NOT_FOUND',
    requireStack: [
      '/Users/hbakesson/Coding/Firebase/.next/server/webpack-runtime.js',
      '/Users/hbakesson/Coding/Firebase/.next/server/app/login/page.js',
      '/Users/hbakesson/Coding/Firebase/node_modules/next/dist/server/require.js',
      '/Users/hbakesson/Coding/Firebase/node_modules/next/dist/server/load-components.js',
      '/Users/hbakesson/Coding/Firebase/node_modules/next/dist/build/utils.js',
      '/Users/hbakesson/Coding/Firebase/node_modules/next/dist/build/swc/options.js',
      '/Users/hbakesson/Coding/Firebase/node_modules/next/dist/build/swc/index.js',
      '/Users/hbakesson/Coding/Firebase/node_modules/next/dist/build/analysis/parse-module.js',
      '/Users/hbakesson/Coding/Firebase/node_modules/next/dist/build/analysis/get-page-static-info.js',
      '/Users/hbakesson/Coding/Firebase/node_modules/next/dist/server/lib/router-utils/setup-dev-bundler.js',
      '/Users/hbakesson/Coding/Firebase/node_modules/next/dist/server/lib/router-server.js',
      '/Users/hbakesson/Coding/Firebase/node_modules/next/dist/server/lib/start-server.js'
    ]
  }
}
 ⨯ unhandledRejection: [Error: Cannot find module './vendor-chunks/web-streams-polyfill.js'
Require stack:
- /Users/hbakesson/Coding/Firebase/.next/server/webpack-runtime.js
- /Users/hbakesson/Coding/Firebase/.next/server/app/login/page.js
- /Users/hbakesson/Coding/Firebase/node_modules/next/dist/server/require.js
- /Users/hbakesson/Coding/Firebase/node_modules/next/dist/server/load-components.js
- /Users/hbakesson/Coding/Firebase/node_modules/next/dist/build/utils.js
- /Users/hbakesson/Coding/Firebase/node_modules/next/dist/build/swc/options.js
- /Users/hbakesson/Coding/Firebase/node_modules/next/dist/build/swc/index.js
- /Users/hbakesson/Coding/Firebase/node_modules/next/dist/build/analysis/parse-module.js
- /Users/hbakesson/Coding/Firebase/node_modules/next/dist/build/analysis/get-page-static-info.js
- /Users/hbakesson/Coding/Firebase/node_modules/next/dist/server/lib/router-utils/setup-dev-bundler.js
- /Users/hbakesson/Coding/Firebase/node_modules/next/dist/server/lib/router-server.js
- /Users/hbakesson/Coding/Firebase/node_modules/next/dist/server/lib/start-server.js] {
  config: [Object],
  response: undefined,
  code: 'MODULE_NOT_FOUND',
  status: undefined,
  error: [Error: Cannot find module './vendor-chunks/web-streams-polyfill.js'
  Require stack:
  - /Users/hbakesson/Coding/Firebase/.next/server/webpack-runtime.js
  - /Users/hbakesson/Coding/Firebase/.next/server/app/login/page.js
  - /Users/hbakesson/Coding/Firebase/node_modules/next/dist/server/require.js
  - /Users/hbakesson/Coding/Firebase/node_modules/next/dist/server/load-components.js
  - /Users/hbakesson/Coding/Firebase/node_modules/next/dist/build/utils.js
  - /Users/hbakesson/Coding/Firebase/node_modules/next/dist/build/swc/options.js
  - /Users/hbakesson/Coding/Firebase/node_modules/next/dist/build/swc/index.js
  - /Users/hbakesson/Coding/Firebase/node_modules/next/dist/build/analysis/parse-module.js
  - /Users/hbakesson/Coding/Firebase/node_modules/next/dist/build/analysis/get-page-static-info.js
  - /Users/hbakesson/Coding/Firebase/node_modules/next/dist/server/lib/router-utils/setup-dev-bundler.js
  - /Users/hbakesson/Coding/Firebase/node_modules/next/dist/server/lib/router-server.js
  - /Users/hbakesson/Coding/Firebase/node_modules/next/dist/server/lib/start-server.js] {
    code: 'MODULE_NOT_FOUND',
    requireStack: [
      '/Users/hbakesson/Coding/Firebase/.next/server/webpack-runtime.js',
      '/Users/hbakesson/Coding/Firebase/.next/server/app/login/page.js',
      '/Users/hbakesson/Coding/Firebase/node_modules/next/dist/server/require.js',
      '/Users/hbakesson/Coding/Firebase/node_modules/next/dist/server/load-components.js',
      '/Users/hbakesson/Coding/Firebase/node_modules/next/dist/build/utils.js',
      '/Users/hbakesson/Coding/Firebase/node_modules/next/dist/build/swc/options.js',
      '/Users/hbakesson/Coding/Firebase/node_modules/next/dist/build/swc/index.js',
      '/Users/hbakesson/Coding/Firebase/node_modules/next/dist/build/analysis/parse-module.js',
      '/Users/hbakesson/Coding/Firebase/node_modules/next/dist/build/analysis/get-page-static-info.js',
      '/Users/hbakesson/Coding/Firebase/node_modules/next/dist/server/lib/router-utils/setup-dev-bundler.js',
      '/Users/hbakesson/Coding/Firebase/node_modules/next/dist/server/lib/router-server.js',
      '/Users/hbakesson/Coding/Firebase/node_modules/next/dist/server/lib/start-server.js'
    ]
  },
  [cause]: [Error: Cannot find module './vendor-chunks/web-streams-polyfill.js'
  Require stack:
  - /Users/hbakesson/Coding/Firebase/.next/server/webpack-runtime.js
  - /Users/hbakesson/Coding/Firebase/.next/server/app/login/page.js
  - /Users/hbakesson/Coding/Firebase/node_modules/next/dist/server/require.js
  - /Users/hbakesson/Coding/Firebase/node_modules/next/dist/server/load-components.js
  - /Users/hbakesson/Coding/Firebase/node_modules/next/dist/build/utils.js
  - /Users/hbakesson/Coding/Firebase/node_modules/next/dist/build/swc/options.js
  - /Users/hbakesson/Coding/Firebase/node_modules/next/dist/build/swc/index.js
  - /Users/hbakesson/Coding/Firebase/node_modules/next/dist/build/analysis/parse-module.js
  - /Users/hbakesson/Coding/Firebase/node_modules/next/dist/build/analysis/get-page-static-info.js
  - /Users/hbakesson/Coding/Firebase/node_modules/next/dist/server/lib/router-utils/setup-dev-bundler.js
  - /Users/hbakesson/Coding/Firebase/node_modules/next/dist/server/lib/router-server.js
  - /Users/hbakesson/Coding/Firebase/node_modules/next/dist/server/lib/start-server.js] {
    code: 'MODULE_NOT_FOUND',
    requireStack: [
      '/Users/hbakesson/Coding/Firebase/.next/server/webpack-runtime.js',
      '/Users/hbakesson/Coding/Firebase/.next/server/app/login/page.js',
      '/Users/hbakesson/Coding/Firebase/node_modules/next/dist/server/require.js',
      '/Users/hbakesson/Coding/Firebase/node_modules/next/dist/server/load-components.js',
      '/Users/hbakesson/Coding/Firebase/node_modules/next/dist/build/utils.js',
      '/Users/hbakesson/Coding/Firebase/node_modules/next/dist/build/swc/options.js',
      '/Users/hbakesson/Coding/Firebase/node_modules/next/dist/build/swc/index.js',
      '/Users/hbakesson/Coding/Firebase/node_modules/next/dist/build/analysis/parse-module.js',
      '/Users/hbakesson/Coding/Firebase/node_modules/next/dist/build/analysis/get-page-static-info.js',
      '/Users/hbakesson/Coding/Firebase/node_modules/next/dist/server/lib/router-utils/setup-dev-bundler.js',
      '/Users/hbakesson/Coding/Firebase/node_modules/next/dist/server/lib/router-server.js',
      '/Users/hbakesson/Coding/Firebase/node_modules/next/dist/server/lib/start-server.js'
    ]
  }
}
 ⨯ unhandledRejection:  [Error: Cannot find module './vendor-chunks/web-streams-polyfill.js'
Require stack:
- /Users/hbakesson/Coding/Firebase/.next/server/webpack-runtime.js
- /Users/hbakesson/Coding/Firebase/.next/server/app/login/page.js
- /Users/hbakesson/Coding/Firebase/node_modules/next/dist/server/require.js
- /Users/hbakesson/Coding/Firebase/node_modules/next/dist/server/load-components.js
- /Users/hbakesson/Coding/Firebase/node_modules/next/dist/build/utils.js
- /Users/hbakesson/Coding/Firebase/node_modules/next/dist/build/swc/options.js
- /Users/hbakesson/Coding/Firebase/node_modules/next/dist/build/swc/index.js
- /Users/hbakesson/Coding/Firebase/node_modules/next/dist/build/analysis/parse-module.js
- /Users/hbakesson/Coding/Firebase/node_modules/next/dist/build/analysis/get-page-static-info.js
- /Users/hbakesson/Coding/Firebase/node_modules/next/dist/server/lib/router-utils/setup-dev-bundler.js
- /Users/hbakesson/Coding/Firebase/node_modules/next/dist/server/lib/router-server.js
- /Users/hbakesson/Coding/Firebase/node_modules/next/dist/server/lib/start-server.js] {
  config: [Object],
  response: undefined,
  code: 'MODULE_NOT_FOUND',
  status: undefined,
  error: [Error: Cannot find module './vendor-chunks/web-streams-polyfill.js'
  Require stack:
  - /Users/hbakesson/Coding/Firebase/.next/server/webpack-runtime.js
  - /Users/hbakesson/Coding/Firebase/.next/server/app/login/page.js
  - /Users/hbakesson/Coding/Firebase/node_modules/next/dist/server/require.js
  - /Users/hbakesson/Coding/Firebase/node_modules/next/dist/server/load-components.js
  - /Users/hbakesson/Coding/Firebase/node_modules/next/dist/build/utils.js
  - /Users/hbakesson/Coding/Firebase/node_modules/next/dist/build/swc/options.js
  - /Users/hbakesson/Coding/Firebase/node_modules/next/dist/build/swc/index.js
  - /Users/hbakesson/Coding/Firebase/node_modules/next/dist/build/analysis/parse-module.js
  - /Users/hbakesson/Coding/Firebase/node_modules/next/dist/build/analysis/get-page-static-info.js
  - /Users/hbakesson/Coding/Firebase/node_modules/next/dist/server/lib/router-utils/setup-dev-bundler.js
  - /Users/hbakesson/Coding/Firebase/node_modules/next/dist/server/lib/router-server.js
  - /Users/hbakesson/Coding/Firebase/node_modules/next/dist/server/lib/start-server.js] {
    code: 'MODULE_NOT_FOUND',
    requireStack: [
      '/Users/hbakesson/Coding/Firebase/.next/server/webpack-runtime.js',
      '/Users/hbakesson/Coding/Firebase/.next/server/app/login/page.js',
      '/Users/hbakesson/Coding/Firebase/node_modules/next/dist/server/require.js',
      '/Users/hbakesson/Coding/Firebase/node_modules/next/dist/server/load-components.js',
      '/Users/hbakesson/Coding/Firebase/node_modules/next/dist/build/utils.js',
      '/Users/hbakesson/Coding/Firebase/node_modules/next/dist/build/swc/options.js',
      '/Users/hbakesson/Coding/Firebase/node_modules/next/dist/build/swc/index.js',
      '/Users/hbakesson/Coding/Firebase/node_modules/next/dist/build/analysis/parse-module.js',
      '/Users/hbakesson/Coding/Firebase/node_modules/next/dist/build/analysis/get-page-static-info.js',
      '/Users/hbakesson/Coding/Firebase/node_modules/next/dist/server/lib/router-utils/setup-dev-bundler.js',
      '/Users/hbakesson/Coding/Firebase/node_modules/next/dist/server/lib/router-server.js',
      '/Users/hbakesson/Coding/Firebase/node_modules/next/dist/server/lib/start-server.js'
    ]
  },
  [cause]: [Error: Cannot find module './vendor-chunks/web-streams-polyfill.js'
  Require stack:
  - /Users/hbakesson/Coding/Firebase/.next/server/webpack-runtime.js
  - /Users/hbakesson/Coding/Firebase/.next/server/app/login/page.js
  - /Users/hbakesson/Coding/Firebase/node_modules/next/dist/server/require.js
  - /Users/hbakesson/Coding/Firebase/node_modules/next/dist/server/load-components.js
  - /Users/hbakesson/Coding/Firebase/node_modules/next/dist/build/utils.js
  - /Users/hbakesson/Coding/Firebase/node_modules/next/dist/build/swc/options.js
  - /Users/hbakesson/Coding/Firebase/node_modules/next/dist/build/swc/index.js
  - /Users/hbakesson/Coding/Firebase/node_modules/next/dist/build/analysis/parse-module.js
  - /Users/hbakesson/Coding/Firebase/node_modules/next/dist/build/analysis/get-page-static-info.js
  - /Users/hbakesson/Coding/Firebase/node_modules/next/dist/server/lib/router-utils/setup-dev-bundler.js
  - /Users/hbakesson/Coding/Firebase/node_modules/next/dist/server/lib/router-server.js
  - /Users/hbakesson/Coding/Firebase/node_modules/next/dist/server/lib/start-server.js] {
    code: 'MODULE_NOT_FOUND',
    requireStack: [
      '/Users/hbakesson/Coding/Firebase/.next/server/webpack-runtime.js',
      '/Users/hbakesson/Coding/Firebase/.next/server/app/login/page.js',
      '/Users/hbakesson/Coding/Firebase/node_modules/next/dist/server/require.js',
      '/Users/hbakesson/Coding/Firebase/node_modules/next/dist/server/load-components.js',
      '/Users/hbakesson/Coding/Firebase/node_modules/next/dist/build/utils.js',
      '/Users/hbakesson/Coding/Firebase/node_modules/next/dist/build/swc/options.js',
      '/Users/hbakesson/Coding/Firebase/node_modules/next/dist/build/swc/index.js',
      '/Users/hbakesson/Coding/Firebase/node_modules/next/dist/build/analysis/parse-module.js',
      '/Users/hbakesson/Coding/Firebase/node_modules/next/dist/build/analysis/get-page-static-info.js',
      '/Users/hbakesson/Coding/Firebase/node_modules/next/dist/server/lib/router-utils/setup-dev-bundler.js',
      '/Users/hbakesson/Coding/Firebase/node_modules/next/dist/server/lib/router-server.js',
      '/Users/hbakesson/Coding/Firebase/node_modules/next/dist/server/lib/start-server.js'
    ]
  }
}
 ⨯ Error [PrismaClientKnownRequestError]: 
Invalid `prisma.project.findMany()` invocation:


Cannot find module './vendor-chunks/web-streams-polyfill.js'
Require stack:
- /Users/hbakesson/Coding/Firebase/.next/server/webpack-runtime.js
- /Users/hbakesson/Coding/Firebase/.next/server/app/login/page.js
- /Users/hbakesson/Coding/Firebase/node_modules/next/dist/server/require.js
- /Users/hbakesson/Coding/Firebase/node_modules/next/dist/server/load-components.js
- /Users/hbakesson/Coding/Firebase/node_modules/next/dist/build/utils.js
- /Users/hbakesson/Coding/Firebase/node_modules/next/dist/build/swc/options.js
- /Users/hbakesson/Coding/Firebase/node_modules/next/dist/build/swc/index.js
- /Users/hbakesson/Coding/Firebase/node_modules/next/dist/build/analysis/parse-module.js
- /Users/hbakesson/Coding/Firebase/node_modules/next/dist/build/analysis/get-page-static-info.js
- /Users/hbakesson/Coding/Firebase/node_modules/next/dist/server/lib/router-utils/setup-dev-bundler.js
- /Users/hbakesson/Coding/Firebase/node_modules/next/dist/server/lib/router-server.js
- /Users/hbakesson/Coding/Firebase/node_modules/next/dist/server/lib/start-server.js
    at Gr.handleRequestError (src/generated/client/runtime/client.js:69:8286)
    at Gr.handleAndLogRequestError (src/generated/client/runtime/client.js:69:7581)
    at Gr.request (src/generated/client/runtime/client.js:69:7288)
    at async a (src/generated/client/runtime/client.js:79:6730)
    at async ProjectsPage (src/app/projects/page.tsx:21:20)
  67 |
  68 | More Information: https://pris.ly/d/execute-raw
> 69 | `)}var ci=({clientMethod:e,activeProvider:t})=>r=>{let n="",i;if(mr(r))n=r.sql,i={values:tt(r.values),__prismaRawParameters__:!0};else if(Array.isArray(r)){let[o,...s]=r;n=o,i={values:tt(s||[]),__prismaRawParameters__:!0}}else switch(t){case"sqlite":case"mysql":{n=r.sql,i={values:tt(r.values),__prismaRawParameters__:!0};break}case"cockroachdb":case"postgresql":case"postgres":{n=r.text,i={values:tt(r.values),__prismaRawParameters__:!0};break}case"sqlserver":{n=gl(r),i={values:tt(r.values),__prismaRawParameters__:!0};break}default:throw new Error(`The ${t} provider does not support ${e}`)}return i?.values?El(`prisma.${e}(${n}, ${i.values})`):El(`prisma.${e}(${n})`),{query:n,parameters:i}},Tl={requestArgsToMiddlewareArgs(e){return[e.strings,...e.values]},middlewareArgsToRequestArgs(e){let[t,...r]=e;return new Pl.Sql(t,r)}},Sl={requestArgsToMiddlewareArgs(e){return[e]},middlewareArgsToRequestArgs(e){return e[0]}};function pi(e){return function(r,n){let i,o=(s=e)=>{try{return s===void 0||s?.kind==="itx"?i??=vl(r(s)):vl(r(s))}catch(a){return Promise.reject(a)}};return{get spec(){return n},then(s,a){return o().then(s,a)},catch(s){return o().catch(s)},finally(s){return o().finally(s)},requestTransaction(s){let a=o(s);return a.requestTransaction?a.requestTransaction(s):a},[Symbol.toStringTag]:"PrismaPromise"}}}function vl(e){return typeof e.then=="function"?e:Promise.resolve(e)}var Al={name:"@prisma/instrumentation-contract",version:"7.5.0",description:"Shared types and utilities for Prisma instrumentation",main:"dist/index.js",module:"dist/index.mjs",types:"dist/index.d.ts",exports:{".":{require:{types:"./dist/index.d.ts",default:"./dist/index.js"},import:{types:"./dist/index.d.mts",default:"./dist/index.mjs"}}},license:"Apache-2.0",homepage:"https://www.prisma.io",repository:{type:"git",url:"https://github.com/prisma/prisma.git",directory:"packages/instrumentation-contract"},bugs:"https://github.com/prisma/prisma/issues",scripts:{dev:"DEV=true tsx helpers/build.ts",build:"tsx helpers/build.ts",prepublishOnly:"pnpm run build",test:"vitest run"},files:["dist"],sideEffects:!1,devDependencies:{"@opentelemetry/api":"1.9.0"},peerDependencies:{"@opentelemetry/api":"^1.8"}};var hm=Al.version.split(".")[0],wm="PRISMA_INSTRUMENTATION",bm=`V${hm}_PRISMA_INSTRUMENTATION`,Cl=globalThis;function Rl(){let e=Cl[bm];return e?.helper?e.helper:Cl[wm]?.helper}var xm={isEnabled(){return!1},getTraceParent(){return"00-10-10-00"},dispatchEngineSpans(){},getActiveContext(){},runInChildSpan(e,t){return t()}},di=class{isEnabled(){return this.getTracingHelper().isEnabled()}getTraceParent(t){return this.getTracingHelper().getTraceParent(t)}dispatchEngineSpans(t){return this.getTracingHelper().dispatchEngineSpans(t)}getActiveContext(){return this.getTracingHelper().getActiveContext()}runInChildSpan(t,r){return this.getTracingHelper().runInChildSpan(t,r)}getTracingHelper(){return Rl()??xm}};function kl(){return new di}function Il(e,t=()=>{}){let r,n=new Promise(i=>r=i);return{then(i){return--e===0&&r(t()),i?.(n)}}}function Ol(e){return typeof e=="string"?e:e.reduce((t,r)=>{let n=typeof r=="string"?r:r.level;return n==="query"?t:t&&(r==="info"||t==="info")?"info":n},void 0)}var Dl=require("@prisma/client-runtime-utils");function fi(e){if(e.action!=="findUnique"&&e.action!=="findUniqueOrThrow")return;let t=[];return e.modelName&&t.push(e.modelName),e.query.arguments&&t.push(mi(e.query.arguments)),t.push(mi(e.query.selection)),t.join("")}function mi(e){return`(${Object.keys(e).sort().map(r=>{let n=e[r];return typeof n=="object"&&n!==null?`(${r} ${mi(n)})`:r}).join(" ")})`}var Em={aggregate:!1,aggregateRaw:!1,createMany:!0,createManyAndReturn:!0,createOne:!0,deleteMany:!0,deleteOne:!0,executeRaw:!0,findFirst:!1,findFirstOrThrow:!1,findMany:!1,findRaw:!1,findUnique:!1,findUniqueOrThrow:!1,groupBy:!1,queryRaw:!1,runCommandRaw:!0,updateMany:!0,updateManyAndReturn:!0,updateOne:!0,upsertOne:!0};function gi(e){return Em[e]}var Jr=class{constructor(t){this.options=t;this.batches={}}batches;tickActive=!1;request(t){let r=this.options.batchBy(t);return r?(this.batches[r]||(this.batches[r]=[],this.tickActive||(this.tickActive=!0,process.nextTick(()=>{this.dispatchBatches(),this.tickActive=!1}))),new Promise((n,i)=>{this.batches[r].push({request:t,resolve:n,reject:i})})):this.options.singleLoader(t)}dispatchBatches(){for(let t in this.batches){let r=this.batches[t];delete this.batches[t],r.length===1?this.options.singleLoader(r[0].request).then(n=>{n instanceof Error?r[0].reject(n):r[0].resolve(n)}).catch(n=>{r[0].reject(n)}):(r.sort((n,i)=>this.options.batchOrder(n.request,i.request)),this.options.batchLoader(r.map(n=>n.request)).then(n=>{if(n instanceof Error)for(let i=0;i<r.length;i++)r[i].reject(n);else for(let i=0;i<r.length;i++){let o=n[i];o instanceof Error?r[i].reject(o):r[i].resolve(o)}}).catch(n=>{for(let i=0;i<r.length;i++)r[i].reject(n)}))}}get[Symbol.toStringTag](){return"DataLoader"}};var Nl=require("@prisma/client-runtime-utils");function Ie(e,t){if(t===null)return t;switch(e){case"bigint":return BigInt(t);case"bytes":{let{buffer:r,byteOffset:n,byteLength:i}=Buffer.from(t,"base64");return new Uint8Array(r,n,i)}case"decimal":return new Nl.Decimal(t);case"datetime":case"date":return new Date(t);case"time":return new Date(`1970-01-01T${t}Z`);case"bigint-array":return t.map(r=>Ie("bigint",r));case"bytes-array":return t.map(r=>Ie("bytes",r));case"decimal-array":return t.map(r=>Ie("decimal",r));case"datetime-array":return t.map(r=>Ie("datetime",r));case"date-array":return t.map(r=>Ie("date",r));case"time-array":return t.map(r=>Ie("time",r));default:return t}}function Hr(e){let t=[],r=Pm(e);for(let n=0;n<e.rows.length;n++){let i=e.rows[n],o={...r};for(let s=0;s<i.length;s++)o[e.columns[s]]=Ie(e.types[s],i[s]);t.push(o)}return t}function Pm(e){let t={};for(let r=0;r<e.columns.length;r++)t[e.columns[r]]=null;return t}var Tm=_("prisma:client:request_handler"),Gr=class{client;dataloader;logEmitter;constructor(t,r){this.logEmitter=r,this.client=t,this.dataloader=new Jr({batchLoader:Xo(async({requests:n,customDataProxyFetch:i})=>{let{transaction:o,otelParentCtx:s}=n[0],a=n.map(p=>p.protocolQuery),l=this.client._tracingHelper.getTraceParent(s),u=n.some(p=>gi(p.protocolQuery.action));return(await this.client._engine.requestBatch(a,{traceparent:l,transaction:Sm(o),containsWrite:u,customDataProxyFetch:i})).map((p,d)=>{if(p instanceof Error)return p;try{return this.mapQueryEngineResult(n[d],p)}catch(m){return m}})}),singleLoader:async n=>{let i=n.transaction?.kind==="itx"?Ml(n.transaction):void 0,o=await this.client._engine.request(n.protocolQuery,{traceparent:this.client._tracingHelper.getTraceParent(),interactiveTransaction:i,isWrite:gi(n.protocolQuery.action),customDataProxyFetch:n.customDataProxyFetch});return this.mapQueryEngineResult(n,o)},batchBy:n=>{if(n.transaction?.kind==="itx"){let i=fi(n.protocolQuery);return`itx-${n.transaction.id}${i?`-${i}`:""}`}return n.transaction?.id?`transaction-${n.transaction.id}`:fi(n.protocolQuery)},batchOrder(n,i){return n.transaction?.kind==="batch"&&i.transaction?.kind==="batch"?n.transaction.index-i.transaction.index:0}})}async request(t){try{return await this.dataloader.request(t)}catch(r){let{clientMethod:n,callsite:i,transaction:o,args:s,modelName:a}=t;this.handleAndLogRequestError({error:r,clientMethod:n,callsite:i,transaction:o,args:s,modelName:a,globalOmit:t.globalOmit})}}mapQueryEngineResult({dataPath:t,unpacker:r},n){let i=n?.data,o=this.unpack(i,t,r);return process.env.PRISMA_CLIENT_GET_TIME?{data:o}:o}handleAndLogRequestError(t){try{this.handleRequestError(t)}catch(r){throw this.logEmitter&&this.logEmitter.emit("error",{message:r.message,target:t.clientMethod,timestamp:new Date}),r}}handleRequestError({error:t,clientMethod:r,callsite:n,transaction:i,args:o,modelName:s,globalOmit:a}){if(Tm(t),vm(t,i))throw t;if(t instanceof b.PrismaClientKnownRequestError&&Am(t)){let u=Fl(t.meta);ar({args:o,errors:[u],callsite:n,errorFormat:this.client._errorFormat,originalMethod:r,clientVersion:this.client._clientVersion,globalOmit:a})}let l=t.message;if(n&&(l=Xt({callsite:n,originalMethod:r,isPanic:t.isPanic,showColors:this.client._errorFormat==="pretty",message:l})),l=this.sanitizeMessage(l),t.code){let u=s?{modelName:s,...t.meta}:t.meta;throw new b.PrismaClientKnownRequestError(l,{code:t.code,clientVersion:this.client._clientVersion,meta:u,batchRequestIdx:t.batchRequestIdx})}else{if(t.isPanic)throw new b.PrismaClientRustPanicError(l,this.client._clientVersion);if(t instanceof b.PrismaClientUnknownRequestError)throw new b.PrismaClientUnknownRequestError(l,{clientVersion:this.client._clientVersion,batchRequestIdx:t.batchRequestIdx});if(t instanceof b.PrismaClientInitializationError)throw new b.PrismaClientInitializationError(l,this.client._clientVersion);if(t instanceof b.PrismaClientRustPanicError)throw new b.PrismaClientRustPanicError(l,this.client._clientVersion)}throw t.clientVersion=this.client._clientVersion,t}sanitizeMessage(t){return this.client._errorFormat&&this.client._errorFormat!=="pretty"?De(t):t}unpack(t,r,n){if(!t||(t.data&&(t=t.data),!t))return t;let i=Object.keys(t)[0],o=Object.values(t)[0],s=r.filter(u=>u!=="select"&&u!=="include"),a=wn(o,s),l=i==="queryRaw"?Hr(a):K(a);return n?n(l):l}get[Symbol.toStringTag](){return"RequestHandler"}};function Sm(e){if(e){if(e.kind==="batch")return{kind:"batch",options:{isolationLevel:e.isolationLevel}};if(e.kind==="itx")return{kind:"itx",options:Ml(e)};se(e,"Unknown transaction kind")}}function Ml(e){return{id:e.id,payload:e.payload}}function vm(e,t){return(0,Dl.hasBatchIndex)(e)&&t?.kind==="batch"&&e.batchRequestIdx!==t.index}function Am(e){return e.code==="P2009"||e.code==="P2012"}function Fl(e){if(e.kind==="Union")return{kind:"Union",errors:e.errors.map(Fl)};if(Array.isArray(e.selectionPath)){let[,...t]=e.selectionPath;return{...e,selectionPath:t}}return e}var yi=Fr;var ql=B(un());var R=class extends Error{constructor(t){super(t+`
     |                                                                                                                                                                                                                                                                                                                                                                                                                                                                                                                                                                                                                                                                                                                                                                                                                                                                                                                                                                                                                                                                                                                                                                                                                                                                                                                                                                                                                                                                                                                                                                                                                                                                                                                                                                                                                                                                                                                                                                                                                                                                                                                                                                                                                                                                                                                                                                                                                                                                                                                                                                                                                                                                                                                                                                                                                                                                                                                                                                                                                                                                                                                                                                                                                                                                                                                                                                                                                                                                                                                                                                                                                                                                                                                                                                                                                                                                                                                                                                                                                                                                                                                                                                                                                                                                                                                                                                                                                                                                                                                                                                                                                                                                                                                                                                                                                                                                                                                                                                                                                                                                                                                                                                                                                                                                                                                                                                                                                                                                                                                                                                                                                                                                                                                                                                                                                                                                                                                                                                                                                                                                                                                                                                                                                                                                                                                                                                                                                                                                                                                                                                                                                                                                                                                                                                                                                                                                                                                                                                                                                                                                                                                                                                                                                                                                                                                                                                                                                                                                                                                                                                                                                                                                                                                                                                                                                                                                                                                                                                                                                                                                                                                                                                                                                                                                                                                                                                                                                                                                                                                                                                                                                              ^
  70 | Read more at https://pris.ly/d/client-constructor`),this.name="PrismaClientConstructorValidationError"}get[Symbol.toStringTag](){return"PrismaClientConstructorValidationError"}};gt(R,"PrismaClientConstructorValidationError");var _l=["errorFormat","adapter","accelerateUrl","log","transactionOptions","omit","comments","__internal"],$l=["pretty","colorless","minimal"],Ll=["info","query","warn","error"],Cm={adapter:()=>{},accelerateUrl:e=>{if(e!==void 0){if(typeof e!="string")throw new R(`Invalid value ${JSON.stringify(e)} for "accelerateUrl" provided to PrismaClient constructor.`);if(e.trim().length===0)throw new R('"accelerateUrl" provided to PrismaClient constructor must be a non-empty string.')}},errorFormat:e=>{if(e){if(typeof e!="string")throw new R(`Invalid value ${JSON.stringify(e)} for "errorFormat" provided to PrismaClient constructor.`);if(!$l.includes(e)){let t=Ut(e,$l);throw new R(`Invalid errorFormat ${e} provided to PrismaClient constructor.${t}`)}}},log:e=>{if(!e)return;if(!Array.isArray(e))throw new R(`Invalid value ${JSON.stringify(e)} for "log" provided to PrismaClient constructor.`);function t(r){if(typeof r=="string"&&!Ll.includes(r)){let n=Ut(r,Ll);throw new R(`Invalid log level "${r}" provided to PrismaClient constructor.${n}`)}}for(let r of e){t(r);let n={level:t,emit:i=>{let o=["stdout","event"];if(!o.includes(i)){let s=Ut(i,o);throw new R(`Invalid value ${JSON.stringify(i)} for "emit" in logLevel provided to PrismaClient constructor.${s}`)}}};if(r&&typeof r=="object")for(let[i,o]of Object.entries(r))if(n[i])n[i](o);else throw new R(`Invalid property ${i} for "log" provided to PrismaClient constructor`)}},transactionOptions:e=>{if(!e)return;let t=e.maxWait;if(t!=null&&t<=0)throw new R(`Invalid value ${t} for maxWait in "transactionOptions" provided to PrismaClient constructor. maxWait needs to be greater than 0`);let r=e.timeout;if(r!=null&&r<=0)throw new R(`Invalid value ${r} for timeout in "transactionOptions" provided to PrismaClient constructor. timeout needs to be greater than 0`)},omit:(e,t)=>{if(typeof e!="object")throw new R('"omit" option is expected to be an object.');if(e===null)throw new R('"omit" option can not be `null`');let r=[];for(let[n,i]of Object.entries(e)){let o=Im(n,t.runtimeDataModel);if(!o){r.push({kind:"UnknownModel",modelKey:n});continue}for(let[s,a]of Object.entries(i)){let l=o.fields.find(u=>u.name===s);if(!l){r.push({kind:"UnknownField",modelKey:n,fieldName:s});continue}if(l.relationName){r.push({kind:"RelationInOmit",modelKey:n,fieldName:s});continue}typeof a!="boolean"&&r.push({kind:"InvalidFieldValue",modelKey:n,fieldName:s})}}if(r.length>0)throw new R(Om(e,r))},comments:e=>{if(e!==void 0){if(!Array.isArray(e))throw new R(`Invalid value ${JSON.stringify(e)} for "comments" provided to PrismaClient constructor. Expected an array of SQL commenter plugins.`);for(let t=0;t<e.length;t++)if(typeof e[t]!="function")throw new R(`Invalid value at index ${t} for "comments" provided to PrismaClient constructor. Each plugin must be a function.`)}},__internal:e=>{if(!e)return;let t=["debug","engine","configOverride"];if(typeof e!="object")throw new R(`Invalid value ${JSON.stringify(e)} for "__internal" to PrismaClient constructor`);for(let[r]of Object.entries(e))if(!t.includes(r)){let n=Ut(r,t);throw new R(`Invalid property ${JSON.stringify(r)} for "__internal" provided to PrismaClient constructor.${n}`)}}};function Rm(e){let t=e.adapter!==void 0,r=e.accelerateUrl!==void 0;if(t&&r)throw new R('The "adapter" and "accelerateUrl" options are mutually exclusive. Please provide only one of them.');if(!t&&!r)throw new R('Using engine type "client" requires either "adapter" or "accelerateUrl" to be provided to PrismaClient constructor.')}function jl(e,t){for(let[r,n]of Object.entries(e)){if(!_l.includes(r)){let i=Ut(r,_l);throw new R(`Unknown property ${r} provided to PrismaClient constructor.${i}`)}Cm[r](n,t)}Rm(e)}function Ut(e,t){if(t.length===0||typeof e!="string")return"";let r=km(e,t);return r?` Did you mean "${r}"?`:""}function km(e,t){if(t.length===0)return null;let r=t.map(i=>({value:i,distance:(0,ql.default)(e,i)}));r.sort((i,o)=>i.distance<o.distance?-1:1);let n=r[0];return n.distance<3?n.value:null}function Im(e,t){return Vl(t.models,e)??Vl(t.types,e)}function Vl(e,t){let r=Object.keys(e).find(n=>pe(n)===t);if(r)return e[r]}function Om(e,t){let r=Be(e);for(let o of t)switch(o.kind){case"UnknownModel":r.arguments.getField(o.modelKey)?.markAsError(),r.addErrorMessage(()=>`Unknown model name: ${o.modelKey}.`);break;case"UnknownField":r.arguments.getDeepField([o.modelKey,o.fieldName])?.markAsError(),r.addErrorMessage(()=>`Model "${o.modelKey}" does not have a field named "${o.fieldName}".`);break;case"RelationInOmit":r.arguments.getDeepField([o.modelKey,o.fieldName])?.markAsError(),r.addErrorMessage(()=>'Relations are already excluded by default and can not be specified in "omit".');break;case"InvalidFieldValue":r.arguments.getDeepFieldValue([o.modelKey,o.fieldName])?.markAsError(),r.addErrorMessage(()=>"Omit field option value must be a boolean.");break}let{message:n,args:i}=sr(r,"colorless");return`Error validating "omit" option:
  71 |
  72 | ${i} {
  code: 'MODULE_NOT_FOUND',
  meta: [Object],
  clientVersion: '7.5.0',
  digest: '2522970103'
}
 GET /projects 500 in 16501ms
 ○ Compiling /api/auth/[...nextauth] ...
 ✓ Compiled /api/auth/[...nextauth] in 658ms (820 modules)
[PRISMA] Client initialized.
 ⨯ [Error: Cannot find module './vendor-chunks/google-auth-library.js'
Require stack:
- /Users/hbakesson/Coding/Firebase/.next/server/webpack-runtime.js
- /Users/hbakesson/Coding/Firebase/.next/server/app/api/auth/[...nextauth]/route.js
- /Users/hbakesson/Coding/Firebase/node_modules/next/dist/server/require.js
- /Users/hbakesson/Coding/Firebase/node_modules/next/dist/server/load-components.js
- /Users/hbakesson/Coding/Firebase/node_modules/next/dist/build/utils.js
- /Users/hbakesson/Coding/Firebase/node_modules/next/dist/server/dev/static-paths-worker.js
- /Users/hbakesson/Coding/Firebase/node_modules/next/dist/compiled/jest-worker/processChild.js] {
  type: 'Error',
  code: 'MODULE_NOT_FOUND',
  requireStack: [Array],
  page: '/api/auth/error'
}
 ○ Compiling /_error ...
 ✓ Compiled /_error in 1338ms (1167 modules)
 GET /api/auth/error?error=Configuration 500 in 3787ms
