
> inventory-tracker@0.1.0 dev
> next dev -p 3000

   ▲ Next.js 15.5.14
   - Local:        http://localhost:3000
   - Network:      http://192.168.2.249:3000
   - Environments: .env.local, .env

 ✓ Starting...
 ✓ Ready in 7.4s
 ○ Compiling /login ...
 ✓ Compiled /login in 5.9s (1090 modules)
[PRISMA] Instantiating Prisma Client with official Connector pattern...
[PRISMA] Parsed Config -> User: "postgres", DB: "project-tracker", Instance: "testapp-4f81d:europe-north1:project-tracker"
[PRISMA] Credential Check -> Password Length: 15
[PRISMA] Client initialized.
 HEAD /login 200 in 6965ms
 GET /login 200 in 402ms
 ○ Compiling /api/auth/[...nextauth] ...
 ✓ Compiled /api/auth/[...nextauth] in 2.9s (1081 modules)
[PRISMA] Client initialized.
[PRISMA] Instantiating Prisma Client with official Connector pattern...
[PRISMA] Parsed Config -> User: "postgres", DB: "project-tracker", Instance: "testapp-4f81d:europe-north1:project-tracker"
[PRISMA] Credential Check -> Password Length: 15
[PRISMA] Client initialized.
 GET /api/auth/session 200 in 8177ms
 GET /api/auth/session 200 in 41ms
 GET /api/auth/session 200 in 36ms
 GET /api/auth/session 200 in 40ms
[PRISMA] Instantiating Prisma Client with official Connector pattern...
[PRISMA] Parsed Config -> User: "postgres", DB: "project-tracker", Instance: "testapp-4f81d:europe-north1:project-tracker"
[PRISMA] Credential Check -> Password Length: 15
[PRISMA] Client initialized.
